{"name": "User searches for a keyword", "status": "broken", "statusDetails": {"message": "selenium.common.exceptions.ElementClickInterceptedException: Message: element click intercepted: Element <input class=\"gNO89b\" value=\"Google Search\" aria-label=\"Google Search\" name=\"btnK\" role=\"button\" tabindex=\"0\" type=\"submit\" data-ved=\"0ahUKEwjj-fWQgt6HAxVBslYBHYVpBBQQ4dUDCBQ\"> is not clickable at point (431, 331). Other element would receive the click: <b>...</b>\n  (Session info: chrome=127.0.6533.89)\nStacktrace:\n\tGetHandleVerifier [0x00007FF618739632+30946]\n\t(No symbol) [0x00007FF6186EE3C9]\n\t(No symbol) [0x00007FF6185E6FDA]\n\t(No symbol) [0x00007FF61863FEEE]\n\t(No symbol) [0x00007FF61863D962]\n\t(No symbol) [0x00007FF61863AE7B]\n\t(No symbol) [0x00007FF61863A095]\n\t(No symbol) [0x00007FF61862C271]\n\t(No symbol) [0x00007FF61865CA6A]\n\t(No symbol) [0x00007FF61862BBB6]\n\t(No symbol) [0x00007FF61865CC80]\n\t(No symbol) [0x00007FF61867B041]\n\t(No symbol) [0x00007FF61865C813]\n\t(No symbol) [0x00007FF61862A6E5]\n\t(No symbol) [0x00007FF61862B021]\n\tGetHandleVerifier [0x00007FF61886F83D+1301229]\n\tGetHandleVerifier [0x00007FF61887BDB7+1351783]\n\tGetHandleVerifier [0x00007FF618872A03+1313971]\n\tGetHandleVerifier [0x00007FF61876DD06+245686]\n\t(No symbol) [0x00007FF6186F758F]\n\t(No symbol) [0x00007FF6186F3804]\n\t(No symbol) [0x00007FF6186F3992]\n\t(No symbol) [0x00007FF6186EA3EF]\n\tBaseThreadInitThunk [0x00007FFEFD4C7374+20]\n\tRtlUserThreadStart [0x00007FFEFF7FCC91+33]\n\n", "trace": "  File \"C:\\Users\\Shivananda\\Documents\\tryout\\venv\\Lib\\site-packages\\behave\\model.py\", line 1329, in run\n    match.run(runner.context)\n  File \"C:\\Users\\Shivananda\\Documents\\tryout\\venv\\Lib\\site-packages\\behave\\matchers.py\", line 98, in run\n    self.func(context, *args, **kwargs)\n  File \"features\\steps\\step_definitions.py\", line 26, in step_when_user_searches\n    context.home_page.search(keyword)\n  File \"C:\\Users\\Shivananda\\Documents\\tryout\\pages\\home_page.py\", line 12, in search\n    self.click(*self.search_button)\n  File \"C:\\Users\\Shivananda\\Documents\\tryout\\pages\\base_page.py\", line 27, in click\n    element.click()\n  File \"C:\\Users\\Shivananda\\Documents\\tryout\\venv\\Lib\\site-packages\\selenium\\webdriver\\remote\\webelement.py\", line 94, in click\n    self._execute(Command.CLICK_ELEMENT)\n  File \"C:\\Users\\Shivananda\\Documents\\tryout\\venv\\Lib\\site-packages\\selenium\\webdriver\\remote\\webelement.py\", line 395, in _execute\n    return self._parent.execute(command, params)\n           ^^^^^^^^^^^^^^^^^^^^^^^^^^^^^^^^^^^^^\n  File \"C:\\Users\\Shivananda\\Documents\\tryout\\venv\\Lib\\site-packages\\selenium\\webdriver\\remote\\webdriver.py\", line 354, in execute\n    self.error_handler.check_response(response)\n  File \"C:\\Users\\Shivananda\\Documents\\tryout\\venv\\Lib\\site-packages\\selenium\\webdriver\\remote\\errorhandler.py\", line 229, in check_response\n    raise exception_class(message, screen, stacktrace)\n"}, "steps": [{"name": "Given the user is on the home page", "status": "passed", "attachments": [{"name": "Log", "source": "4bf44a3d-f54d-4c89-bc7b-b77bc82a65ab-attachment.txt", "type": "text/plain"}], "start": 1722866563904, "stop": 1722866577312}, {"name": "When the user searches for \"Selenium\"", "status": "broken", "statusDetails": {"message": "selenium.common.exceptions.ElementClickInterceptedException: Message: element click intercepted: Element <input class=\"gNO89b\" value=\"Google Search\" aria-label=\"Google Search\" name=\"btnK\" role=\"button\" tabindex=\"0\" type=\"submit\" data-ved=\"0ahUKEwjj-fWQgt6HAxVBslYBHYVpBBQQ4dUDCBQ\"> is not clickable at point (431, 331). Other element would receive the click: <b>...</b>\n  (Session info: chrome=127.0.6533.89)\nStacktrace:\n\tGetHandleVerifier [0x00007FF618739632+30946]\n\t(No symbol) [0x00007FF6186EE3C9]\n\t(No symbol) [0x00007FF6185E6FDA]\n\t(No symbol) [0x00007FF61863FEEE]\n\t(No symbol) [0x00007FF61863D962]\n\t(No symbol) [0x00007FF61863AE7B]\n\t(No symbol) [0x00007FF61863A095]\n\t(No symbol) [0x00007FF61862C271]\n\t(No symbol) [0x00007FF61865CA6A]\n\t(No symbol) [0x00007FF61862BBB6]\n\t(No symbol) [0x00007FF61865CC80]\n\t(No symbol) [0x00007FF61867B041]\n\t(No symbol) [0x00007FF61865C813]\n\t(No symbol) [0x00007FF61862A6E5]\n\t(No symbol) [0x00007FF61862B021]\n\tGetHandleVerifier [0x00007FF61886F83D+1301229]\n\tGetHandleVerifier [0x00007FF61887BDB7+1351783]\n\tGetHandleVerifier [0x00007FF618872A03+1313971]\n\tGetHandleVerifier [0x00007FF61876DD06+245686]\n\t(No symbol) [0x00007FF6186F758F]\n\t(No symbol) [0x00007FF6186F3804]\n\t(No symbol) [0x00007FF6186F3992]\n\t(No symbol) [0x00007FF6186EA3EF]\n\tBaseThreadInitThunk [0x00007FFEFD4C7374+20]\n\tRtlUserThreadStart [0x00007FFEFF7FCC91+33]\n\n", "trace": "  File \"C:\\Users\\Shivananda\\Documents\\tryout\\venv\\Lib\\site-packages\\behave\\model.py\", line 1329, in run\n    match.run(runner.context)\n  File \"C:\\Users\\Shivananda\\Documents\\tryout\\venv\\Lib\\site-packages\\behave\\matchers.py\", line 98, in run\n    self.func(context, *args, **kwargs)\n  File \"features\\steps\\step_definitions.py\", line 26, in step_when_user_searches\n    context.home_page.search(keyword)\n  File \"C:\\Users\\Shivananda\\Documents\\tryout\\pages\\home_page.py\", line 12, in search\n    self.click(*self.search_button)\n  File \"C:\\Users\\Shivananda\\Documents\\tryout\\pages\\base_page.py\", line 27, in click\n    element.click()\n  File \"C:\\Users\\Shivananda\\Documents\\tryout\\venv\\Lib\\site-packages\\selenium\\webdriver\\remote\\webelement.py\", line 94, in click\n    self._execute(Command.CLICK_ELEMENT)\n  File \"C:\\Users\\Shivananda\\Documents\\tryout\\venv\\Lib\\site-packages\\selenium\\webdriver\\remote\\webelement.py\", line 395, in _execute\n    return self._parent.execute(command, params)\n           ^^^^^^^^^^^^^^^^^^^^^^^^^^^^^^^^^^^^^\n  File \"C:\\Users\\Shivananda\\Documents\\tryout\\venv\\Lib\\site-packages\\selenium\\webdriver\\remote\\webdriver.py\", line 354, in execute\n    self.error_handler.check_response(response)\n  File \"C:\\Users\\Shivananda\\Documents\\tryout\\venv\\Lib\\site-packages\\selenium\\webdriver\\remote\\errorhandler.py\", line 229, in check_response\n    raise exception_class(message, screen, stacktrace)\n"}, "attachments": [{"name": "Log", "source": "d1ba6dd5-2ed7-4df1-9d1c-b3c47fcfe490-attachment.txt", "type": "text/plain"}], "start": 1722866577314, "stop": 1722866580931}, {"name": "Then the search results are displayed", "status": "skipped", "start": 1722866583321, "stop": 1722866583321}], "start": 1722866557691, "stop": 1722866583321, "uuid": "aabceace-b910-442d-a7c0-8ad436b6188f", "historyId": "4f10f50026767b4de3d51ddc3eeb0fe5", "fullName": "Search functionality: User searches for a keyword", "labels": [{"name": "severity", "value": "normal"}, {"name": "feature", "value": "Search functionality"}, {"name": "framework", "value": "behave"}, {"name": "language", "value": "cpython3"}]}